f:\study\subjects\pf\projects\cpp\wordguesser\wordguesser\x64\debug\vc145.pdb
f:\study\subjects\pf\projects\cpp\wordguesser\wordguesser\x64\debug\.netframework,version=v4.7.2.assemblyattributes.obj
f:\study\subjects\pf\projects\cpp\wordguesser\wordguesser\x64\debug\utils.obj
f:\study\subjects\pf\projects\cpp\wordguesser\wordguesser\x64\debug\main.obj
c:\users\-\documents\pfproject\wordguesser\wordguesser\x64\debug\vc145.pdb
c:\users\-\documents\pfproject\wordguesser\wordguesser\x64\debug\.netframework,version=v4.7.2.assemblyattributes.obj
c:\users\-\documents\pfproject\wordguesser\wordguesser\x64\debug\utils.obj
c:\users\-\documents\pfproject\wordguesser\wordguesser\x64\debug\main.obj
f:\study\subjects\pf\projects\cpp\wordguesser\x64\debug\wordguesser.exe
f:\study\subjects\pf\projects\cpp\wordguesser\x64\debug\wordguesser.pdb
f:\study\subjects\pf\projects\cpp\wordguesser\wordguesser\x64\debug\app.res
c:\users\-\documents\pfproject\wordguesser\x64\debug\wordguesser.exe
c:\users\-\documents\pfproject\wordguesser\wordguesser\x64\debug\myform1.obj
c:\users\-\documents\pfproject\wordguesser\wordguesser\x64\debug\app.res
c:\users\-\documents\pfproject\wordguesser\x64\debug\wordguesser.pdb
c:\users\-\documents\pfproject\wordguesser\wordguesser\x64\debug\wordguesser.tlog\cl.command.1.tlog
c:\users\-\documents\pfproject\wordguesser\wordguesser\x64\debug\wordguesser.tlog\cl.items.tlog
c:\users\-\documents\pfproject\wordguesser\wordguesser\x64\debug\wordguesser.tlog\cl.read.1.tlog
c:\users\-\documents\pfproject\wordguesser\wordguesser\x64\debug\wordguesser.tlog\cl.write.1.tlog
c:\users\-\documents\pfproject\wordguesser\wordguesser\x64\debug\wordguesser.tlog\link.command.1.tlog
c:\users\-\documents\pfproject\wordguesser\wordguesser\x64\debug\wordguesser.tlog\link.read.1.tlog
c:\users\-\documents\pfproject\wordguesser\wordguesser\x64\debug\wordguesser.tlog\link.secondary.1.tlog
c:\users\-\documents\pfproject\wordguesser\wordguesser\x64\debug\wordguesser.tlog\link.write.1.tlog
c:\users\-\documents\pfproject\wordguesser\wordguesser\x64\debug\wordguesser.tlog\metagen.read.1.tlog
c:\users\-\documents\pfproject\wordguesser\wordguesser\x64\debug\wordguesser.tlog\metagen.write.1.tlog
c:\users\-\documents\pfproject\wordguesser\wordguesser\x64\debug\wordguesser.tlog\rc.command.1.tlog
c:\users\-\documents\pfproject\wordguesser\wordguesser\x64\debug\wordguesser.tlog\rc.read.1.tlog
c:\users\-\documents\pfproject\wordguesser\wordguesser\x64\debug\wordguesser.tlog\rc.write.1.tlog
c:\users\-\documents\pfproject\wordguesser\wordguesser\x64\debug\wordguesser.tlog\resgen.command.1.tlog
c:\users\-\documents\pfproject\wordguesser\wordguesser\x64\debug\wordguesser.tlog\resgen.read.1.tlog
c:\users\-\documents\pfproject\wordguesser\wordguesser\x64\debug\wordguesser.tlog\resgen.write.1.tlog
